<?xml version="1.0" encoding="UTF-8"?>
<testsuite xmlns:xsi="http://www.w3.org/2001/XMLSchema-instance" xsi:noNamespaceSchemaLocation="https://maven.apache.org/surefire/maven-surefire-plugin/xsd/surefire-test-report.xsd" name="Runner.TestRunner" time="85.213" tests="29" errors="0" skipped="0" failures="0">
  <properties>
[...]
</properties>
  <testcase name="Given User is on Login Page" classname="Scenario: Login to OpenWeatherMap Scenario" time="0.002"/>
  <testcase name="When User verifies title of Login Page" classname="Scenario: Login to OpenWeatherMap Scenario" time="0"/>
  <testcase name="Then Verify required labels are displayed" classname="Scenario: Login to OpenWeatherMap Scenario" time="0"/>
  <testcase name="Scenario: Login to OpenWeatherMap Scenario" classname="Scenario: Login to OpenWeatherMap Scenario" time="2.324"/>
  <testcase name="Given User is on Login Page" classname="Scenario: For invalid city weather should not be found in OpenWeatherMap" time="0"/>
  <testcase name="When User verifies title of Login Page" classname="Scenario: For invalid city weather should not be found in OpenWeatherMap" time="0"/>
  <testcase name="And User enters city name in weather search &quot;BangaloreInValid&quot;" classname="Scenario: For invalid city weather should not be found in OpenWeatherMap" time="0"/>
  <testcase name="Then Verifies that website suggests city is Not found" classname="Scenario: For invalid city weather should not be found in OpenWeatherMap" time="0.001"/>
  <testcase name="Scenario: For invalid city weather should not be found in OpenWeatherMap" classname="Scenario: For invalid city weather should not be found in OpenWeatherMap" time="2.326"/>
  <testcase name="Given User is on Login Page" classname="Scenario: For valid city weather information should be displayed in OpenWeatherMap" time="0"/>
  <testcase name="When User verifies title of Login Page" classname="Scenario: For valid city weather information should be displayed in OpenWeatherMap" time="0"/>
  <testcase name="And User enters city name in weather search &quot;Bangalore&quot;" classname="Scenario: For valid city weather information should be displayed in OpenWeatherMap" time="0.001"/>
  <testcase name="Then Verifies that website suggests given city weather information" classname="Scenario: For valid city weather information should be displayed in OpenWeatherMap" time="0.001"/>
  <testcase name="Scenario: For valid city weather information should be displayed in OpenWeatherMap" classname="Scenario: For valid city weather information should be displayed in OpenWeatherMap" time="2.331"/>
  <testcase name="Given User is on Login Page" classname="| Delhi | FirstCity |" time="0.002"/>
  <testcase name="When User verifies title of Login Page" classname="| Delhi | FirstCity |" time="0"/>
  <testcase name="And User enters cities name &quot;Delhi&quot; with &quot;FirstCity&quot; in weather search" classname="| Delhi | FirstCity |" time="0"/>
  <testcase name="Then Verifies that website suggests given city weather information" classname="| Delhi | FirstCity |" time="0"/>
  <testcase name="| Delhi | FirstCity |" classname="| Delhi | FirstCity |" time="2.119"/>
  <testcase name="Given User is on Login Page" classname="| Chennai | SecondCity |" time="0"/>
  <testcase name="When User verifies title of Login Page" classname="| Chennai | SecondCity |" time="0"/>
  <testcase name="And User enters cities name &quot;Chennai&quot; with &quot;SecondCity&quot; in weather search" classname="| Chennai | SecondCity |" time="0"/>
  <testcase name="Then Verifies that website suggests given city weather information" classname="| Chennai | SecondCity |" time="0"/>
  <testcase name="| Chennai | SecondCity |" classname="| Chennai | SecondCity |" time="2.329"/>
  <testcase name="Given User is on Login Page" classname="| Mumbai | ThirdCity |" time="0"/>
  <testcase name="When User verifies title of Login Page" classname="| Mumbai | ThirdCity |" time="0"/>
  <testcase name="And User enters cities name &quot;Mumbai&quot; with &quot;ThirdCity&quot; in weather search" classname="| Mumbai | ThirdCity |" time="0"/>
  <testcase name="Then Verifies that website suggests given city weather information" classname="| Mumbai | ThirdCity |" time="0"/>
  <testcase name="| Mumbai | ThirdCity |" classname="| Mumbai | ThirdCity |" time="2.321"/>
</testsuite>